<?xml version="1.0" encoding="utf-8"?><testsuites name="pytest tests"><testsuite name="pytest" errors="0" failures="1" skipped="0" tests="8" time="2.556" timestamp="2026-04-29T15:39:47.550394+00:00" hostname="agent-env-de723bbe-0c7b-442f-ab0e-49b3beef6275"><testcase classname="backend.tests.test_shop_modes.TestShopSmartDefaults" name="test_kuliner_defaults_to_hours" time="0.600" /><testcase classname="backend.tests.test_shop_modes.TestShopSmartDefaults" name="test_existing_shop_explicit_always_persists" time="0.056" /><testcase classname="backend.tests.test_shop_modes.TestStockDefaultForOtherTypes" name="test_fashion_defaults_to_stock" time="0.473" /><testcase classname="backend.tests.test_shop_modes.TestToggleOpen" name="test_toggle_requires_auth" time="0.137" /><testcase classname="backend.tests.test_shop_modes.TestToggleOpen" name="test_toggle_alternates" time="0.524" /><testcase classname="backend.tests.test_shop_modes.TestPublicStorefrontIncludesNewFields" name="test_warung_sari_has_mode_fields" time="0.120"><failure message="AssertionError: Product Kopi Test Updated missing available_days&#10;assert 'available_days' in {'created_at': '2026-04-29T04:33:24.419041+00:00', 'description': 'desc', 'hashtags': ['#test'], 'ig_caption': 'IG cap', ...}">backend/tests/test_shop_modes.py:128: in test_warung_sari_has_mode_fields
    assert "available_days" in p, f"Product {p.get('name')} missing available_days"
E   AssertionError: Product Kopi Test Updated missing available_days
E   assert 'available_days' in {'created_at': '2026-04-29T04:33:24.419041+00:00', 'description': 'desc', 'hashtags': ['#test'], 'ig_caption': 'IG cap', ...}</failure></testcase><testcase classname="backend.tests.test_shop_modes.TestProductAvailableDays" name="test_create_product_with_available_days" time="0.269" /><testcase classname="backend.tests.test_shop_modes.TestToggleEmptyBody" name="test_toggle_accepts_no_body" time="0.111" /></testsuite></testsuites>