<?xml version="1.0" encoding="utf-8"?><testsuites name="pytest tests"><testsuite name="pytest" errors="0" failures="0" skipped="0" tests="122" time="91.024" timestamp="2026-04-29T16:47:49.279078+00:00" hostname="agent-env-de723bbe-0c7b-442f-ab0e-49b3beef6275"><testcase classname="backend.tests.backend_test.TestHealth" name="test_root" time="0.153" /><testcase classname="backend.tests.backend_test.TestAuth" name="test_register_returns_user_and_cookie" time="0.277" /><testcase classname="backend.tests.backend_test.TestAuth" name="test_register_duplicate_email" time="0.342" /><testcase classname="backend.tests.backend_test.TestAuth" name="test_login_invalid_password" time="0.333" /><testcase classname="backend.tests.backend_test.TestAuth" name="test_login_success" time="0.352" /><testcase classname="backend.tests.backend_test.TestAuth" name="test_me_no_auth" time="0.118" /><testcase classname="backend.tests.backend_test.TestAuth" name="test_me_with_auth" time="0.404" /><testcase classname="backend.tests.backend_test.TestAuth" name="test_logout_clears_cookie" time="0.468" /><testcase classname="backend.tests.backend_test.TestAuth" name="test_admin_login" time="0.411" /><testcase classname="backend.tests.backend_test.TestShops" name="test_get_my_shop_initially_null" time="0.438" /><testcase classname="backend.tests.backend_test.TestShops" name="test_create_shop" time="0.063" /><testcase classname="backend.tests.backend_test.TestShops" name="test_create_shop_idempotent_update" time="0.052" /><testcase classname="backend.tests.backend_test.TestShops" name="test_get_my_shop" time="0.053" /><testcase classname="backend.tests.backend_test.TestShops" name="test_public_storefront_by_slug" time="0.138" /><testcase classname="backend.tests.backend_test.TestShops" name="test_public_storefront_404" time="0.147" /><testcase classname="backend.tests.backend_test.TestShops" name="test_seeded_warung_sari_exists" time="0.136" /><testcase classname="backend.tests.backend_test.TestProducts" name="test_create_product" time="0.066" /><testcase classname="backend.tests.backend_test.TestProducts" name="test_list_products" time="0.053" /><testcase classname="backend.tests.backend_test.TestProducts" name="test_update_product" time="0.053" /><testcase classname="backend.tests.backend_test.TestProducts" name="test_other_user_cannot_modify" time="0.396" /><testcase classname="backend.tests.backend_test.TestProducts" name="test_delete_product" time="0.131" /><testcase classname="backend.tests.backend_test.TestAI" name="test_generate_content_requires_auth" time="0.108" /><testcase classname="backend.tests.backend_test.TestAI" name="test_generate_content" time="5.239" /><testcase classname="backend.tests.backend_test.TestAI" name="test_suggest_theme" time="5.697" /><testcase classname="backend.tests.backend_test.TestAI" name="test_enhance_image" time="24.806" /><testcase classname="backend.tests.backend_test.TestForgotPassword" name="test_forgot_unknown_email_no_token" time="0.061" /><testcase classname="backend.tests.backend_test.TestForgotPassword" name="test_forgot_known_returns_token" time="0.056" /><testcase classname="backend.tests.backend_test.TestForgotPassword" name="test_reset_with_short_password" time="0.050" /><testcase classname="backend.tests.backend_test.TestForgotPassword" name="test_reset_with_invalid_token" time="0.057" /><testcase classname="backend.tests.backend_test.TestForgotPassword" name="test_reset_success_and_login" time="1.006" /><testcase classname="backend.tests.backend_test.TestForgotPassword" name="test_reset_token_reuse_fails" time="0.059" /><testcase classname="backend.tests.backend_test.TestMultiImage" name="test_create_with_images_array" time="0.066" /><testcase classname="backend.tests.backend_test.TestMultiImage" name="test_backward_compat_image_data_only" time="0.057" /><testcase classname="backend.tests.backend_test.TestMultiImage" name="test_update_images_array" time="0.058" /><testcase classname="backend.tests.backend_test.TestWhatsApp" name="test_status_requires_auth" time="0.131" /><testcase classname="backend.tests.backend_test.TestWhatsApp" name="test_status_initial" time="0.116" /><testcase classname="backend.tests.backend_test.TestWhatsApp" name="test_connect_start_returns_code" time="0.061" /><testcase classname="backend.tests.backend_test.TestWhatsApp" name="test_webhook_pair_flow" time="0.203" /><testcase classname="backend.tests.backend_test.TestWhatsApp" name="test_webhook_help" time="0.115" /><testcase classname="backend.tests.backend_test.TestWhatsApp" name="test_webhook_list" time="0.112" /><testcase classname="backend.tests.backend_test.TestWhatsApp" name="test_webhook_unlinked_phone" time="0.167" /><testcase classname="backend.tests.backend_test.TestWhatsApp" name="test_webhook_text_no_media_when_linked_asks_photo" time="0.205" /><testcase classname="backend.tests.backend_test.TestWhatsApp" name="test_webhook_text_no_price_no_media" time="0.145" /><testcase classname="backend.tests.backend_test.TestWhatsApp" name="test_disconnect" time="0.109" /><testcase classname="backend.tests.backend_test.TestParser" name="test_parser_variants" time="1.704" /><testcase classname="backend.tests.test_admin.TestAuthRoleAndTier" name="test_me_admin_has_role_admin" time="0.405" /><testcase classname="backend.tests.test_admin.TestAuthRoleAndTier" name="test_me_user_has_role_field" time="0.424" /><testcase classname="backend.tests.test_admin.TestAuthRoleAndTier" name="test_non_admin_blocked_from_admin_stats" time="0.063" /><testcase classname="backend.tests.test_admin.TestAuthRoleAndTier" name="test_unauth_blocked_from_admin_stats" time="0.175" /><testcase classname="backend.tests.test_admin.TestAdminStats" name="test_admin_stats_shape" time="0.091" /><testcase classname="backend.tests.test_admin.TestAdminLists" name="test_admin_shops_with_owner_join" time="0.068" /><testcase classname="backend.tests.test_admin.TestAdminLists" name="test_admin_shops_search" time="0.051" /><testcase classname="backend.tests.test_admin.TestAdminLists" name="test_admin_users_no_password_hash" time="0.055" /><testcase classname="backend.tests.test_admin.TestShopStatus" name="test_suspend_then_public_404" time="0.261" /><testcase classname="backend.tests.test_admin.TestShopStatus" name="test_activate_back" time="0.180" /><testcase classname="backend.tests.test_admin.TestShopStatus" name="test_invalid_status" time="0.058" /><testcase classname="backend.tests.test_admin.TestFeaturedShop" name="test_mark_featured_and_public_lists" time="0.163" /><testcase classname="backend.tests.test_admin.TestFeaturedShop" name="test_unmark_featured_removed_from_public" time="0.169" /><testcase classname="backend.tests.test_admin.TestAdminProducts" name="test_admin_list_products_no_image" time="0.060" /><testcase classname="backend.tests.test_admin.TestAdminProducts" name="test_admin_delete_other_user_product" time="0.227" /><testcase classname="backend.tests.test_admin.TestAdminProducts" name="test_admin_delete_missing_404" time="0.049" /><testcase classname="backend.tests.test_admin.TestAdminResetPassword" name="test_generate_reset_token_and_use_it" time="0.452" /><testcase classname="backend.tests.test_admin.TestAdminResetPassword" name="test_reset_password_unknown_user" time="0.055" /><testcase classname="backend.tests.test_admin.TestAdminTier" name="test_set_user_premium_then_free" time="0.202" /><testcase classname="backend.tests.test_admin.TestAdminTier" name="test_set_invalid_tier" time="0.099" /><testcase classname="backend.tests.test_admin.TestAdminAudit" name="test_audit_sorted_desc" time="0.061" /><testcase classname="backend.tests.test_admin.TestBroadcast" name="test_user_sees_active_broadcast" time="0.112" /><testcase classname="backend.tests.test_admin.TestBroadcast" name="test_user_dismiss_broadcast" time="0.113" /><testcase classname="backend.tests.test_admin.TestBroadcast" name="test_toggle_active" time="0.171" /><testcase classname="backend.tests.test_admin.TestBroadcast" name="test_delete_broadcast" time="0.132" /><testcase classname="backend.tests.test_admin.TestAdminAIUsage" name="test_ai_usage_shape" time="0.089" /><testcase classname="backend.tests.test_admin.TestAdminAIUsage" name="test_ai_usage_days_clamped" time="0.199" /><testcase classname="backend.tests.test_iter8_schedule_cards.TestScheduleFields" name="test_persist_auto_schedule_and_schedule" time="0.574" /><testcase classname="backend.tests.test_iter8_schedule_cards.TestScheduleStatus" name="test_open_window_now" time="0.174" /><testcase classname="backend.tests.test_iter8_schedule_cards.TestScheduleStatus" name="test_closed_today_returns_next_opens_at" time="0.267" /><testcase classname="backend.tests.test_iter8_schedule_cards.TestScheduleStatus" name="test_auto_disabled_uses_manual_is_open" time="0.177" /><testcase classname="backend.tests.test_iter8_schedule_cards.TestProductCards" name="test_post_png_dimensions" time="0.359" /><testcase classname="backend.tests.test_iter8_schedule_cards.TestProductCards" name="test_story_png_dimensions" time="0.226" /><testcase classname="backend.tests.test_iter8_schedule_cards.TestProductCards" name="test_post_png_404_for_unknown" time="0.124" /><testcase classname="backend.tests.test_iter8_schedule_cards.TestProductCards" name="test_story_png_404_for_unknown" time="0.110" /><testcase classname="backend.tests.test_iter8_schedule_cards.TestProductCards" name="test_card_renders_with_no_image" time="0.387" /><testcase classname="backend.tests.test_iter9_share_url" name="test_og_html_contains_og_meta_tags" time="0.159" /><testcase classname="backend.tests.test_iter9_share_url" name="test_og_html_canonical_url_is_storefront_not_api" time="0.136" /><testcase classname="backend.tests.test_iter9_share_url" name="test_og_html_has_meta_refresh_redirect" time="0.113" /><testcase classname="backend.tests.test_iter9_share_url" name="test_og_html_has_js_redirect" time="0.117" /><testcase classname="backend.tests.test_iter9_share_url" name="test_og_html_image_url_points_to_png_endpoint" time="0.127" /><testcase classname="backend.tests.test_iter9_share_url" name="test_og_png_still_serves_image" time="0.171" /><testcase classname="backend.tests.test_iter9_share_url" name="test_product_story_png_exists_for_share_button" time="0.354" /><testcase classname="backend.tests.test_og_share.TestOGImage" name="test_existing_shop_png_is_valid_1200x630" time="0.187" /><testcase classname="backend.tests.test_og_share.TestOGImage" name="test_warung_sari_png_is_valid" time="0.127" /><testcase classname="backend.tests.test_og_share.TestOGImage" name="test_nonexistent_slug_returns_fallback_png_200" time="0.133" /><testcase classname="backend.tests.test_og_share.TestOGImage" name="test_cache_control_header_present" time="0.156" /><testcase classname="backend.tests.test_og_share.TestOGHtml" name="test_existing_shop_html_has_og_meta" time="0.058" /><testcase classname="backend.tests.test_og_share.TestOGHtml" name="test_og_url_uses_https" time="0.059" /><testcase classname="backend.tests.test_og_share.TestOGHtml" name="test_https_respected_with_x_forwarded_proto" time="0.059" /><testcase classname="backend.tests.test_og_share.TestOGHtml" name="test_nonexistent_slug_returns_html_with_fallback" time="0.056" /><testcase classname="backend.tests.test_og_share.TestOGHtml" name="test_meta_refresh_present" time="0.057" /><testcase classname="backend.tests.test_og_share.TestOGHtml" name="test_image_dimensions_meta" time="0.065" /><testcase classname="backend.tests.test_og_share.TestSuspendedShop" name="test_suspended_path_uses_fallback_branch" time="0.128" /><testcase classname="backend.tests.test_og_share.TestRegressionSmoke" name="test_auth_me_unauthenticated_returns_401" time="0.055" /><testcase classname="backend.tests.test_og_share.TestRegressionSmoke" name="test_auth_me_authenticated_returns_user" time="0.405" /><testcase classname="backend.tests.test_og_share.TestRegressionSmoke" name="test_shops_by_slug_existing" time="0.063" /><testcase classname="backend.tests.test_og_share.TestRegressionSmoke" name="test_shops_by_slug_404" time="0.055" /><testcase classname="backend.tests.test_og_share.TestRegressionSmoke" name="test_products_endpoint_authenticated" time="0.053" /><testcase classname="backend.tests.test_shop_modes.TestShopSmartDefaults" name="test_kuliner_defaults_to_hours" time="0.456" /><testcase classname="backend.tests.test_shop_modes.TestShopSmartDefaults" name="test_existing_shop_explicit_always_persists" time="0.058" /><testcase classname="backend.tests.test_shop_modes.TestStockDefaultForOtherTypes" name="test_fashion_defaults_to_stock" time="0.417" /><testcase classname="backend.tests.test_shop_modes.TestToggleOpen" name="test_toggle_requires_auth" time="0.111" /><testcase classname="backend.tests.test_shop_modes.TestToggleOpen" name="test_toggle_alternates" time="0.653" /><testcase classname="backend.tests.test_shop_modes.TestPublicStorefrontIncludesNewFields" name="test_warung_sari_has_mode_fields" time="0.132" /><testcase classname="backend.tests.test_shop_modes.TestProductAvailableDays" name="test_create_product_with_available_days" time="0.345" /><testcase classname="backend.tests.test_shop_modes.TestToggleEmptyBody" name="test_toggle_accepts_no_body" time="0.146" /><testcase classname="backend.tests.test_storefront_pro.TestShopProFields" name="test_create_shop_persists_all_new_fields" time="0.432" /><testcase classname="backend.tests.test_storefront_pro.TestShopProFields" name="test_get_my_shop_returns_new_fields" time="0.049" /><testcase classname="backend.tests.test_storefront_pro.TestShopProFields" name="test_update_shop_modifies_pro_fields" time="0.102" /><testcase classname="backend.tests.test_storefront_pro.TestShopProFields" name="test_public_storefront_returns_pro_fields" time="0.134" /><testcase classname="backend.tests.test_storefront_pro.TestAIGenerateAbout" name="test_requires_auth" time="0.120" /><testcase classname="backend.tests.test_storefront_pro.TestAIGenerateAbout" name="test_generates_indonesian_about" time="6.846" /><testcase classname="backend.tests.test_storefront_pro.TestAIGenerateAbout" name="test_validates_required_fields" time="0.064" /><testcase classname="backend.tests.test_storefront_pro.TestAIGenerateCover" name="test_requires_auth" time="0.174" /><testcase classname="backend.tests.test_storefront_pro.TestAIGenerateCover" name="test_validates_required_fields" time="0.057" /><testcase classname="backend.tests.test_storefront_pro.TestAIGenerateCover" name="test_generates_cover_image" time="26.118" /></testsuite></testsuites>