<?xml version="1.0" encoding="utf-8"?><testsuites name="pytest tests"><testsuite name="pytest" errors="0" failures="0" skipped="0" tests="16" time="1.991" timestamp="2026-04-29T14:22:42.065967+00:00" hostname="agent-env-de723bbe-0c7b-442f-ab0e-49b3beef6275"><testcase classname="backend.tests.test_og_share.TestOGImage" name="test_existing_shop_png_is_valid_1200x630" time="0.361" /><testcase classname="backend.tests.test_og_share.TestOGImage" name="test_warung_sari_png_is_valid" time="0.157" /><testcase classname="backend.tests.test_og_share.TestOGImage" name="test_nonexistent_slug_returns_fallback_png_200" time="0.114" /><testcase classname="backend.tests.test_og_share.TestOGImage" name="test_cache_control_header_present" time="0.116" /><testcase classname="backend.tests.test_og_share.TestOGHtml" name="test_existing_shop_html_has_og_meta" time="0.054" /><testcase classname="backend.tests.test_og_share.TestOGHtml" name="test_og_url_uses_https" time="0.056" /><testcase classname="backend.tests.test_og_share.TestOGHtml" name="test_https_respected_with_x_forwarded_proto" time="0.060" /><testcase classname="backend.tests.test_og_share.TestOGHtml" name="test_nonexistent_slug_returns_html_with_fallback" time="0.058" /><testcase classname="backend.tests.test_og_share.TestOGHtml" name="test_meta_refresh_present" time="0.047" /><testcase classname="backend.tests.test_og_share.TestOGHtml" name="test_image_dimensions_meta" time="0.048" /><testcase classname="backend.tests.test_og_share.TestSuspendedShop" name="test_suspended_path_uses_fallback_branch" time="0.145" /><testcase classname="backend.tests.test_og_share.TestRegressionSmoke" name="test_auth_me_unauthenticated_returns_401" time="0.050" /><testcase classname="backend.tests.test_og_share.TestRegressionSmoke" name="test_auth_me_authenticated_returns_user" time="0.437" /><testcase classname="backend.tests.test_og_share.TestRegressionSmoke" name="test_shops_by_slug_existing" time="0.056" /><testcase classname="backend.tests.test_og_share.TestRegressionSmoke" name="test_shops_by_slug_404" time="0.054" /><testcase classname="backend.tests.test_og_share.TestRegressionSmoke" name="test_products_endpoint_authenticated" time="0.052" /></testsuite></testsuites>