<?xml version="1.0" encoding="utf-8"?><testsuites name="pytest tests"><testsuite name="pytest" errors="0" failures="0" skipped="0" tests="9" time="2.584" timestamp="2026-04-29T16:14:38.820724+00:00" hostname="agent-env-de723bbe-0c7b-442f-ab0e-49b3beef6275"><testcase classname="backend.tests.test_iter8_schedule_cards.TestScheduleFields" name="test_persist_auto_schedule_and_schedule" time="0.686" /><testcase classname="backend.tests.test_iter8_schedule_cards.TestScheduleStatus" name="test_open_window_now" time="0.236" /><testcase classname="backend.tests.test_iter8_schedule_cards.TestScheduleStatus" name="test_closed_today_returns_next_opens_at" time="0.177" /><testcase classname="backend.tests.test_iter8_schedule_cards.TestScheduleStatus" name="test_auto_disabled_uses_manual_is_open" time="0.223" /><testcase classname="backend.tests.test_iter8_schedule_cards.TestProductCards" name="test_post_png_dimensions" time="0.312" /><testcase classname="backend.tests.test_iter8_schedule_cards.TestProductCards" name="test_story_png_dimensions" time="0.250" /><testcase classname="backend.tests.test_iter8_schedule_cards.TestProductCards" name="test_post_png_404_for_unknown" time="0.120" /><testcase classname="backend.tests.test_iter8_schedule_cards.TestProductCards" name="test_story_png_404_for_unknown" time="0.116" /><testcase classname="backend.tests.test_iter8_schedule_cards.TestProductCards" name="test_card_renders_with_no_image" time="0.379" /></testsuite></testsuites>