<?xml version="1.0" encoding="utf-8"?><testsuites name="pytest tests"><testsuite name="pytest" errors="0" failures="0" skipped="0" tests="56" time="85.561" timestamp="2026-04-29T21:34:19.307451+00:00" hostname="agent-env-de723bbe-0c7b-442f-ab0e-49b3beef6275"><testcase classname="backend.tests.test_iter8_schedule_cards.TestScheduleFields" name="test_persist_auto_schedule_and_schedule" time="0.729" /><testcase classname="backend.tests.test_iter8_schedule_cards.TestScheduleStatus" name="test_open_window_now" time="0.233" /><testcase classname="backend.tests.test_iter8_schedule_cards.TestScheduleStatus" name="test_closed_today_returns_next_opens_at" time="0.200" /><testcase classname="backend.tests.test_iter8_schedule_cards.TestScheduleStatus" name="test_auto_disabled_uses_manual_is_open" time="0.211" /><testcase classname="backend.tests.test_iter8_schedule_cards.TestProductCards" name="test_post_png_dimensions" time="0.361" /><testcase classname="backend.tests.test_iter8_schedule_cards.TestProductCards" name="test_story_png_dimensions" time="0.237" /><testcase classname="backend.tests.test_iter8_schedule_cards.TestProductCards" name="test_post_png_404_for_unknown" time="0.132" /><testcase classname="backend.tests.test_iter8_schedule_cards.TestProductCards" name="test_story_png_404_for_unknown" time="0.163" /><testcase classname="backend.tests.test_iter8_schedule_cards.TestProductCards" name="test_card_renders_with_no_image" time="0.423" /><testcase classname="backend.tests.test_iter9_share_url" name="test_og_html_contains_og_meta_tags" time="0.107" /><testcase classname="backend.tests.test_iter9_share_url" name="test_og_html_canonical_url_is_storefront_not_api" time="0.134" /><testcase classname="backend.tests.test_iter9_share_url" name="test_og_html_has_meta_refresh_redirect" time="0.129" /><testcase classname="backend.tests.test_iter9_share_url" name="test_og_html_has_js_redirect" time="0.129" /><testcase classname="backend.tests.test_iter9_share_url" name="test_og_html_image_url_points_to_png_endpoint" time="0.104" /><testcase classname="backend.tests.test_iter9_share_url" name="test_og_png_still_serves_image" time="0.237" /><testcase classname="backend.tests.test_iter9_share_url" name="test_product_story_png_exists_for_share_button" time="0.382" /><testcase classname="backend.tests.test_iter10_og_cache.TestOgHtmlNoRefresh" name="test_html_no_meta_http_equiv_refresh" time="0.122" /><testcase classname="backend.tests.test_iter10_og_cache.TestOgHtmlNoRefresh" name="test_html_still_has_js_redirect" time="0.139" /><testcase classname="backend.tests.test_iter10_og_cache.TestOgHtmlNoRefresh" name="test_html_og_url_is_storefront_https" time="0.105" /><testcase classname="backend.tests.test_iter10_og_cache.TestOgHtmlNoRefresh" name="test_html_og_image_and_twitter_image_absolute_https" time="0.183" /><testcase classname="backend.tests.test_iter10_og_cache.TestOgPngCache" name="test_png_first_miss_second_hit" time="0.324" /><testcase classname="backend.tests.test_iter10_og_cache.TestOgPngCache" name="test_png_dimensions_1200x630" time="0.109" /><testcase classname="backend.tests.test_iter10_og_cache.TestOgPngCache" name="test_cache_invalidated_on_shop_update" time="0.934" /><testcase classname="backend.tests.test_iter11_billing_tiers.TestBillingTiersPublic" name="test_no_auth_required" time="0.901" /><testcase classname="backend.tests.test_iter11_billing_tiers.TestBillingTiersPublic" name="test_returns_three_tiers" time="0.149" /><testcase classname="backend.tests.test_iter11_billing_tiers.TestBillingTiersPublic" name="test_tier_shape" time="0.115" /><testcase classname="backend.tests.test_iter11_billing_tiers.TestBillingMe" name="test_requires_auth" time="0.124" /><testcase classname="backend.tests.test_iter11_billing_tiers.TestBillingMe" name="test_sari_default_free" time="0.153" /><testcase classname="backend.tests.test_iter11_billing_tiers.TestAdminTierChange" name="test_post_verb_works" time="0.066" /><testcase classname="backend.tests.test_iter11_billing_tiers.TestAdminTierChange" name="test_put_verb_legacy_compat" time="0.081" /><testcase classname="backend.tests.test_iter11_billing_tiers.TestAdminTierChange" name="test_invalid_tier_400" time="0.260" /><testcase classname="backend.tests.test_iter11_billing_tiers.TestAdminTierChange" name="test_billing_me_reflects_change" time="0.205" /><testcase classname="backend.tests.test_iter11_billing_tiers.TestAdminTierChange" name="test_requires_admin" time="0.076" /><testcase classname="backend.tests.test_iter11_billing_tiers.TestStorefrontTierFields" name="test_free_owner_remove_branding_false" time="0.201" /><testcase classname="backend.tests.test_iter11_billing_tiers.TestStorefrontTierFields" name="test_pro_owner_remove_branding_true" time="0.247" /><testcase classname="backend.tests.test_iter11_billing_tiers.TestProductLimitGating" name="test_free_tier_product_limit" time="1.228" /><testcase classname="backend.tests.test_iter11_billing_tiers.TestAIQuotaGating" name="test_ai_copy_quota_5_per_month" time="30.544" /><testcase classname="backend.tests.test_iter11_billing_tiers.TestAIQuotaGating" name="test_ai_cover_quota_2_per_month" time="36.994" /><testcase classname="backend.tests.test_iter11_billing_tiers.TestMonthlyUsageIndex" name="test_index_exists_via_increment_consistency" time="0.288" /><testcase classname="backend.tests.test_iter12_features.TestTrial" name="test_register_creates_pro_trial" time="0.387" /><testcase classname="backend.tests.test_iter12_features.TestTrial" name="test_auth_me_returns_trial_fields" time="0.050" /><testcase classname="backend.tests.test_iter12_features.TestTrial" name="test_trial_auto_downgrade" time="0.114" /><testcase classname="backend.tests.test_iter12_features.TestCustomDomain" name="test_free_tier_custom_domain_returns_402" time="0.412" /><testcase classname="backend.tests.test_iter12_features.TestCustomDomain" name="test_business_tier_custom_domain_flow" time="1.592" /><testcase classname="backend.tests.test_iter12_features.TestAnalytics" name="test_track_valid_events" time="0.334" /><testcase classname="backend.tests.test_iter12_features.TestAnalytics" name="test_track_invalid_event" time="0.143" /><testcase classname="backend.tests.test_iter12_features.TestAnalytics" name="test_free_tier_analytics_402" time="0.412" /><testcase classname="backend.tests.test_iter12_features.TestAnalytics" name="test_pro_tier_analytics_returns_shape" time="0.822" /><testcase classname="backend.tests.test_iter12_features.TestAnalytics" name="test_shop_by_slug_inserts_visit" time="0.138" /><testcase classname="backend.tests.test_iter12_features.TestBulkPack" name="test_free_tier_bulk_pack_402" time="0.397" /><testcase classname="backend.tests.test_iter12_features.TestBulkPack" name="test_pro_no_products_400" time="0.532" /><testcase classname="backend.tests.test_iter12_features.TestBulkPack" name="test_pro_with_products_returns_zip" time="1.034" /><testcase classname="backend.tests.test_iter12_features.TestRegression" name="test_login_still_works" time="0.339" /><testcase classname="backend.tests.test_iter12_features.TestRegression" name="test_products_list" time="0.383" /><testcase classname="backend.tests.test_iter12_features.TestRegression" name="test_og_image_still_cached" time="0.346" /><testcase classname="backend.tests.test_iter12_features.TestRegression" name="test_billing_me_for_free_user" time="0.484" /></testsuite></testsuites>