<?xml version="1.0" encoding="utf-8"?><testsuites name="pytest tests"><testsuite name="pytest" errors="0" failures="3" skipped="0" tests="117" time="200.369" timestamp="2026-04-29T21:20:32.245836+00:00" hostname="agent-env-de723bbe-0c7b-442f-ab0e-49b3beef6275"><testcase classname="backend.tests.test_admin.TestAuthRoleAndTier" name="test_me_admin_has_role_admin" time="0.484" /><testcase classname="backend.tests.test_admin.TestAuthRoleAndTier" name="test_me_user_has_role_field" time="0.395" /><testcase classname="backend.tests.test_admin.TestAuthRoleAndTier" name="test_non_admin_blocked_from_admin_stats" time="0.050" /><testcase classname="backend.tests.test_admin.TestAuthRoleAndTier" name="test_unauth_blocked_from_admin_stats" time="0.107" /><testcase classname="backend.tests.test_admin.TestAdminStats" name="test_admin_stats_shape" time="0.126" /><testcase classname="backend.tests.test_admin.TestAdminLists" name="test_admin_shops_with_owner_join" time="0.119" /><testcase classname="backend.tests.test_admin.TestAdminLists" name="test_admin_shops_search" time="0.075" /><testcase classname="backend.tests.test_admin.TestAdminLists" name="test_admin_users_no_password_hash" time="0.062" /><testcase classname="backend.tests.test_admin.TestShopStatus" name="test_suspend_then_public_404" time="0.367" /><testcase classname="backend.tests.test_admin.TestShopStatus" name="test_activate_back" time="0.241" /><testcase classname="backend.tests.test_admin.TestShopStatus" name="test_invalid_status" time="0.067" /><testcase classname="backend.tests.test_admin.TestFeaturedShop" name="test_mark_featured_and_public_lists" time="0.203" /><testcase classname="backend.tests.test_admin.TestFeaturedShop" name="test_unmark_featured_removed_from_public" time="0.189" /><testcase classname="backend.tests.test_admin.TestAdminProducts" name="test_admin_list_products_no_image" time="0.058" /><testcase classname="backend.tests.test_admin.TestAdminProducts" name="test_admin_delete_other_user_product" time="0.256" /><testcase classname="backend.tests.test_admin.TestAdminProducts" name="test_admin_delete_missing_404" time="0.071" /><testcase classname="backend.tests.test_admin.TestAdminResetPassword" name="test_generate_reset_token_and_use_it" time="0.477" /><testcase classname="backend.tests.test_admin.TestAdminResetPassword" name="test_reset_password_unknown_user" time="0.063" /><testcase classname="backend.tests.test_admin.TestAdminTier" name="test_set_user_pro_then_free" time="0.247" /><testcase classname="backend.tests.test_admin.TestAdminTier" name="test_set_invalid_tier" time="0.120" /><testcase classname="backend.tests.test_admin.TestAdminAudit" name="test_audit_sorted_desc" time="0.068" /><testcase classname="backend.tests.test_admin.TestBroadcast" name="test_user_sees_active_broadcast" time="0.114" /><testcase classname="backend.tests.test_admin.TestBroadcast" name="test_user_dismiss_broadcast" time="0.100" /><testcase classname="backend.tests.test_admin.TestBroadcast" name="test_toggle_active" time="0.134" /><testcase classname="backend.tests.test_admin.TestBroadcast" name="test_delete_broadcast" time="0.118" /><testcase classname="backend.tests.test_admin.TestAdminAIUsage" name="test_ai_usage_shape" time="0.101" /><testcase classname="backend.tests.test_admin.TestAdminAIUsage" name="test_ai_usage_days_clamped" time="0.193" /><testcase classname="backend.tests.test_iter10_og_cache.TestOgHtmlNoRefresh" name="test_html_no_meta_http_equiv_refresh" time="0.135" /><testcase classname="backend.tests.test_iter10_og_cache.TestOgHtmlNoRefresh" name="test_html_still_has_js_redirect" time="0.120" /><testcase classname="backend.tests.test_iter10_og_cache.TestOgHtmlNoRefresh" name="test_html_og_url_is_storefront_https" time="0.145" /><testcase classname="backend.tests.test_iter10_og_cache.TestOgHtmlNoRefresh" name="test_html_og_image_and_twitter_image_absolute_https" time="0.139" /><testcase classname="backend.tests.test_iter10_og_cache.TestOgPngCache" name="test_png_first_miss_second_hit" time="0.228" /><testcase classname="backend.tests.test_iter10_og_cache.TestOgPngCache" name="test_png_dimensions_1200x630" time="0.115" /><testcase classname="backend.tests.test_iter10_og_cache.TestOgPngCache" name="test_cache_invalidated_on_shop_update" time="0.938" /><testcase classname="backend.tests.test_iter11_billing_tiers.TestBillingTiersPublic" name="test_no_auth_required" time="0.916" /><testcase classname="backend.tests.test_iter11_billing_tiers.TestBillingTiersPublic" name="test_returns_three_tiers" time="0.124" /><testcase classname="backend.tests.test_iter11_billing_tiers.TestBillingTiersPublic" name="test_tier_shape" time="0.134" /><testcase classname="backend.tests.test_iter11_billing_tiers.TestBillingMe" name="test_requires_auth" time="0.149" /><testcase classname="backend.tests.test_iter11_billing_tiers.TestBillingMe" name="test_sari_default_free" time="0.135" /><testcase classname="backend.tests.test_iter11_billing_tiers.TestAdminTierChange" name="test_post_verb_works" time="0.063" /><testcase classname="backend.tests.test_iter11_billing_tiers.TestAdminTierChange" name="test_put_verb_legacy_compat" time="0.053" /><testcase classname="backend.tests.test_iter11_billing_tiers.TestAdminTierChange" name="test_invalid_tier_400" time="0.258" /><testcase classname="backend.tests.test_iter11_billing_tiers.TestAdminTierChange" name="test_billing_me_reflects_change" time="0.186" /><testcase classname="backend.tests.test_iter11_billing_tiers.TestAdminTierChange" name="test_requires_admin" time="0.061" /><testcase classname="backend.tests.test_iter11_billing_tiers.TestStorefrontTierFields" name="test_free_owner_remove_branding_false" time="0.193" /><testcase classname="backend.tests.test_iter11_billing_tiers.TestStorefrontTierFields" name="test_pro_owner_remove_branding_true" time="0.264" /><testcase classname="backend.tests.test_iter11_billing_tiers.TestProductLimitGating" name="test_free_tier_product_limit" time="0.883"><failure message="AssertionError: expected 402, got 200 {&quot;product_id&quot;:&quot;prod_7c67b9fcc259&quot;,&quot;shop_id&quot;:&quot;shop_4f275ce5a929&quot;,&quot;name&quot;:&quot;P6&quot;,&quot;price&quot;:6000,&quot;stock&quot;:1,&quot;description&quot;:&quot;&quot;,&quot;image_data&quot;:&quot;&quot;,&quot;images&quot;:[],&quot;ig_caption&quot;:&quot;&quot;,&quot;tiktok_caption&quot;:&quot;&quot;,&quot;hashtags&quot;:[],&quot;available_days&quot;:[],&quot;created_at&quot;:&quot;2026-04-29T21:20:42.240799+00:00&quot;}&#10;assert 200 == 402&#10; +  where 200 = &lt;Response [200]&gt;.status_code">E   AssertionError: expected 402, got 200 {"product_id":"prod_7c67b9fcc259","shop_id":"shop_4f275ce5a929","name":"P6","price":6000,"stock":1,"description":"","image_data":"","images":[],"ig_caption":"","tiktok_caption":"","hashtags":[],"available_days":[],"created_at":"2026-04-29T21:20:42.240799+00:00"}
    assert 200 == 402
     +  where 200 = &lt;Response [200]&gt;.status_code</failure></testcase><testcase classname="backend.tests.test_iter11_billing_tiers.TestAIQuotaGating" name="test_ai_copy_quota_5_per_month" time="37.501"><failure message="AssertionError: never hit quota; last status=200, successes=6&#10;assert 200 == 402">E   AssertionError: never hit quota; last status=200, successes=6
    assert 200 == 402</failure></testcase><testcase classname="backend.tests.test_iter11_billing_tiers.TestAIQuotaGating" name="test_ai_cover_quota_2_per_month" time="105.618"><failure message="Failed: Expected 402 by 3rd attempt on free tier (limit=2), but never hit quota">E   Failed: Expected 402 by 3rd attempt on free tier (limit=2), but never hit quota</failure></testcase><testcase classname="backend.tests.test_iter11_billing_tiers.TestMonthlyUsageIndex" name="test_index_exists_via_increment_consistency" time="0.284" /><testcase classname="backend.tests.test_iter12_features.TestTrial" name="test_register_creates_pro_trial" time="0.471" /><testcase classname="backend.tests.test_iter12_features.TestTrial" name="test_auth_me_returns_trial_fields" time="0.068" /><testcase classname="backend.tests.test_iter12_features.TestTrial" name="test_trial_auto_downgrade" time="0.155" /><testcase classname="backend.tests.test_iter12_features.TestCustomDomain" name="test_free_tier_custom_domain_returns_402" time="0.436" /><testcase classname="backend.tests.test_iter12_features.TestCustomDomain" name="test_business_tier_custom_domain_flow" time="1.389" /><testcase classname="backend.tests.test_iter12_features.TestAnalytics" name="test_track_valid_events" time="0.314" /><testcase classname="backend.tests.test_iter12_features.TestAnalytics" name="test_track_invalid_event" time="0.133" /><testcase classname="backend.tests.test_iter12_features.TestAnalytics" name="test_free_tier_analytics_402" time="0.380" /><testcase classname="backend.tests.test_iter12_features.TestAnalytics" name="test_pro_tier_analytics_returns_shape" time="0.771" /><testcase classname="backend.tests.test_iter12_features.TestAnalytics" name="test_shop_by_slug_inserts_visit" time="0.144" /><testcase classname="backend.tests.test_iter12_features.TestBulkPack" name="test_free_tier_bulk_pack_402" time="0.390" /><testcase classname="backend.tests.test_iter12_features.TestBulkPack" name="test_pro_no_products_400" time="0.567" /><testcase classname="backend.tests.test_iter12_features.TestBulkPack" name="test_pro_with_products_returns_zip" time="1.119" /><testcase classname="backend.tests.test_iter12_features.TestRegression" name="test_login_still_works" time="0.335" /><testcase classname="backend.tests.test_iter12_features.TestRegression" name="test_products_list" time="0.397" /><testcase classname="backend.tests.test_iter12_features.TestRegression" name="test_og_image_still_cached" time="0.306" /><testcase classname="backend.tests.test_iter12_features.TestRegression" name="test_billing_me_for_free_user" time="0.418" /><testcase classname="backend.tests.test_iter8_schedule_cards.TestScheduleFields" name="test_persist_auto_schedule_and_schedule" time="0.625" /><testcase classname="backend.tests.test_iter8_schedule_cards.TestScheduleStatus" name="test_open_window_now" time="0.218" /><testcase classname="backend.tests.test_iter8_schedule_cards.TestScheduleStatus" name="test_closed_today_returns_next_opens_at" time="0.200" /><testcase classname="backend.tests.test_iter8_schedule_cards.TestScheduleStatus" name="test_auto_disabled_uses_manual_is_open" time="0.182" /><testcase classname="backend.tests.test_iter8_schedule_cards.TestProductCards" name="test_post_png_dimensions" time="0.329" /><testcase classname="backend.tests.test_iter8_schedule_cards.TestProductCards" name="test_story_png_dimensions" time="0.203" /><testcase classname="backend.tests.test_iter8_schedule_cards.TestProductCards" name="test_post_png_404_for_unknown" time="0.119" /><testcase classname="backend.tests.test_iter8_schedule_cards.TestProductCards" name="test_story_png_404_for_unknown" time="0.160" /><testcase classname="backend.tests.test_iter8_schedule_cards.TestProductCards" name="test_card_renders_with_no_image" time="0.394" /><testcase classname="backend.tests.test_iter9_share_url" name="test_og_html_contains_og_meta_tags" time="0.136" /><testcase classname="backend.tests.test_iter9_share_url" name="test_og_html_canonical_url_is_storefront_not_api" time="0.132" /><testcase classname="backend.tests.test_iter9_share_url" name="test_og_html_has_meta_refresh_redirect" time="0.133" /><testcase classname="backend.tests.test_iter9_share_url" name="test_og_html_has_js_redirect" time="0.142" /><testcase classname="backend.tests.test_iter9_share_url" name="test_og_html_image_url_points_to_png_endpoint" time="0.139" /><testcase classname="backend.tests.test_iter9_share_url" name="test_og_png_still_serves_image" time="0.188" /><testcase classname="backend.tests.test_iter9_share_url" name="test_product_story_png_exists_for_share_button" time="0.397" /><testcase classname="backend.tests.test_og_share.TestOGImage" name="test_existing_shop_png_is_valid_1200x630" time="0.193" /><testcase classname="backend.tests.test_og_share.TestOGImage" name="test_warung_sari_png_is_valid" time="0.075" /><testcase classname="backend.tests.test_og_share.TestOGImage" name="test_nonexistent_slug_returns_fallback_png_200" time="0.129" /><testcase classname="backend.tests.test_og_share.TestOGImage" name="test_cache_control_header_present" time="0.078" /><testcase classname="backend.tests.test_og_share.TestOGHtml" name="test_existing_shop_html_has_og_meta" time="0.064" /><testcase classname="backend.tests.test_og_share.TestOGHtml" name="test_og_url_uses_https" time="0.070" /><testcase classname="backend.tests.test_og_share.TestOGHtml" name="test_https_respected_with_x_forwarded_proto" time="0.065" /><testcase classname="backend.tests.test_og_share.TestOGHtml" name="test_nonexistent_slug_returns_html_with_fallback" time="0.075" /><testcase classname="backend.tests.test_og_share.TestOGHtml" name="test_meta_refresh_present" time="0.062" /><testcase classname="backend.tests.test_og_share.TestOGHtml" name="test_image_dimensions_meta" time="0.072" /><testcase classname="backend.tests.test_og_share.TestSuspendedShop" name="test_suspended_path_uses_fallback_branch" time="0.124" /><testcase classname="backend.tests.test_og_share.TestRegressionSmoke" name="test_auth_me_unauthenticated_returns_401" time="0.078" /><testcase classname="backend.tests.test_og_share.TestRegressionSmoke" name="test_auth_me_authenticated_returns_user" time="0.430" /><testcase classname="backend.tests.test_og_share.TestRegressionSmoke" name="test_shops_by_slug_existing" time="0.065" /><testcase classname="backend.tests.test_og_share.TestRegressionSmoke" name="test_shops_by_slug_404" time="0.075" /><testcase classname="backend.tests.test_og_share.TestRegressionSmoke" name="test_products_endpoint_authenticated" time="0.074" /><testcase classname="backend.tests.test_shop_modes.TestShopSmartDefaults" name="test_kuliner_defaults_to_hours" time="0.423" /><testcase classname="backend.tests.test_shop_modes.TestShopSmartDefaults" name="test_existing_shop_explicit_always_persists" time="0.063" /><testcase classname="backend.tests.test_shop_modes.TestStockDefaultForOtherTypes" name="test_fashion_defaults_to_stock" time="0.421" /><testcase classname="backend.tests.test_shop_modes.TestToggleOpen" name="test_toggle_requires_auth" time="0.111" /><testcase classname="backend.tests.test_shop_modes.TestToggleOpen" name="test_toggle_alternates" time="0.528" /><testcase classname="backend.tests.test_shop_modes.TestPublicStorefrontIncludesNewFields" name="test_warung_sari_has_mode_fields" time="0.132" /><testcase classname="backend.tests.test_shop_modes.TestProductAvailableDays" name="test_create_product_with_available_days" time="0.253" /><testcase classname="backend.tests.test_shop_modes.TestToggleEmptyBody" name="test_toggle_accepts_no_body" time="0.098" /><testcase classname="backend.tests.test_storefront_pro.TestShopProFields" name="test_create_shop_persists_all_new_fields" time="0.440" /><testcase classname="backend.tests.test_storefront_pro.TestShopProFields" name="test_get_my_shop_returns_new_fields" time="0.072" /><testcase classname="backend.tests.test_storefront_pro.TestShopProFields" name="test_update_shop_modifies_pro_fields" time="0.114" /><testcase classname="backend.tests.test_storefront_pro.TestShopProFields" name="test_public_storefront_returns_pro_fields" time="0.110" /><testcase classname="backend.tests.test_storefront_pro.TestAIGenerateAbout" name="test_requires_auth" time="0.147" /><testcase classname="backend.tests.test_storefront_pro.TestAIGenerateAbout" name="test_generates_indonesian_about" time="4.080" /><testcase classname="backend.tests.test_storefront_pro.TestAIGenerateAbout" name="test_validates_required_fields" time="0.062" /><testcase classname="backend.tests.test_storefront_pro.TestAIGenerateCover" name="test_requires_auth" time="0.144" /><testcase classname="backend.tests.test_storefront_pro.TestAIGenerateCover" name="test_validates_required_fields" time="0.059" /><testcase classname="backend.tests.test_storefront_pro.TestAIGenerateCover" name="test_generates_cover_image" time="26.433" /></testsuite></testsuites>