<?xml version="1.0" encoding="utf-8"?><testsuites name="pytest tests"><testsuite name="pytest" errors="0" failures="0" skipped="0" tests="16" time="72.811" timestamp="2026-04-29T18:45:43.802153+00:00" hostname="agent-env-de723bbe-0c7b-442f-ab0e-49b3beef6275"><testcase classname="backend.tests.test_iter11_billing_tiers.TestBillingTiersPublic" name="test_no_auth_required" time="0.990" /><testcase classname="backend.tests.test_iter11_billing_tiers.TestBillingTiersPublic" name="test_returns_three_tiers" time="0.113" /><testcase classname="backend.tests.test_iter11_billing_tiers.TestBillingTiersPublic" name="test_tier_shape" time="0.219" /><testcase classname="backend.tests.test_iter11_billing_tiers.TestBillingMe" name="test_requires_auth" time="0.110" /><testcase classname="backend.tests.test_iter11_billing_tiers.TestBillingMe" name="test_sari_default_free" time="0.119" /><testcase classname="backend.tests.test_iter11_billing_tiers.TestAdminTierChange" name="test_post_verb_works" time="0.052" /><testcase classname="backend.tests.test_iter11_billing_tiers.TestAdminTierChange" name="test_put_verb_legacy_compat" time="0.057" /><testcase classname="backend.tests.test_iter11_billing_tiers.TestAdminTierChange" name="test_invalid_tier_400" time="0.198" /><testcase classname="backend.tests.test_iter11_billing_tiers.TestAdminTierChange" name="test_billing_me_reflects_change" time="0.182" /><testcase classname="backend.tests.test_iter11_billing_tiers.TestAdminTierChange" name="test_requires_admin" time="0.059" /><testcase classname="backend.tests.test_iter11_billing_tiers.TestStorefrontTierFields" name="test_free_owner_remove_branding_false" time="0.206" /><testcase classname="backend.tests.test_iter11_billing_tiers.TestStorefrontTierFields" name="test_pro_owner_remove_branding_true" time="0.248" /><testcase classname="backend.tests.test_iter11_billing_tiers.TestProductLimitGating" name="test_free_tier_product_limit" time="0.968" /><testcase classname="backend.tests.test_iter11_billing_tiers.TestAIQuotaGating" name="test_ai_copy_quota_5_per_month" time="30.746" /><testcase classname="backend.tests.test_iter11_billing_tiers.TestAIQuotaGating" name="test_ai_cover_quota_2_per_month" time="38.194" /><testcase classname="backend.tests.test_iter11_billing_tiers.TestMonthlyUsageIndex" name="test_index_exists_via_increment_consistency" time="0.244" /></testsuite></testsuites>