<?xml version="1.0" encoding="utf-8"?><testsuites name="pytest tests"><testsuite name="pytest" errors="0" failures="0" skipped="0" tests="16" time="83.429" timestamp="2026-04-29T21:32:25.768762+00:00" hostname="agent-env-de723bbe-0c7b-442f-ab0e-49b3beef6275"><testcase classname="backend.tests.test_iter11_billing_tiers.TestBillingTiersPublic" name="test_no_auth_required" time="1.092" /><testcase classname="backend.tests.test_iter11_billing_tiers.TestBillingTiersPublic" name="test_returns_three_tiers" time="0.137" /><testcase classname="backend.tests.test_iter11_billing_tiers.TestBillingTiersPublic" name="test_tier_shape" time="0.137" /><testcase classname="backend.tests.test_iter11_billing_tiers.TestBillingMe" name="test_requires_auth" time="0.129" /><testcase classname="backend.tests.test_iter11_billing_tiers.TestBillingMe" name="test_sari_default_free" time="0.155" /><testcase classname="backend.tests.test_iter11_billing_tiers.TestAdminTierChange" name="test_post_verb_works" time="0.063" /><testcase classname="backend.tests.test_iter11_billing_tiers.TestAdminTierChange" name="test_put_verb_legacy_compat" time="0.077" /><testcase classname="backend.tests.test_iter11_billing_tiers.TestAdminTierChange" name="test_invalid_tier_400" time="0.265" /><testcase classname="backend.tests.test_iter11_billing_tiers.TestAdminTierChange" name="test_billing_me_reflects_change" time="0.213" /><testcase classname="backend.tests.test_iter11_billing_tiers.TestAdminTierChange" name="test_requires_admin" time="0.078" /><testcase classname="backend.tests.test_iter11_billing_tiers.TestStorefrontTierFields" name="test_free_owner_remove_branding_false" time="0.197" /><testcase classname="backend.tests.test_iter11_billing_tiers.TestStorefrontTierFields" name="test_pro_owner_remove_branding_true" time="0.271" /><testcase classname="backend.tests.test_iter11_billing_tiers.TestProductLimitGating" name="test_free_tier_product_limit" time="1.294" /><testcase classname="backend.tests.test_iter11_billing_tiers.TestAIQuotaGating" name="test_ai_copy_quota_5_per_month" time="27.550" /><testcase classname="backend.tests.test_iter11_billing_tiers.TestAIQuotaGating" name="test_ai_cover_quota_2_per_month" time="51.350" /><testcase classname="backend.tests.test_iter11_billing_tiers.TestMonthlyUsageIndex" name="test_index_exists_via_increment_consistency" time="0.321" /></testsuite></testsuites>