<?xml version="1.0" encoding="utf-8"?><testsuites name="pytest tests"><testsuite name="pytest" errors="0" failures="0" skipped="0" tests="17" time="8.209" timestamp="2026-04-29T21:20:09.222454+00:00" hostname="agent-env-de723bbe-0c7b-442f-ab0e-49b3beef6275"><testcase classname="backend.tests.test_iter12_features.TestTrial" name="test_register_creates_pro_trial" time="0.395" /><testcase classname="backend.tests.test_iter12_features.TestTrial" name="test_auth_me_returns_trial_fields" time="0.070" /><testcase classname="backend.tests.test_iter12_features.TestTrial" name="test_trial_auto_downgrade" time="0.154" /><testcase classname="backend.tests.test_iter12_features.TestCustomDomain" name="test_free_tier_custom_domain_returns_402" time="0.451" /><testcase classname="backend.tests.test_iter12_features.TestCustomDomain" name="test_business_tier_custom_domain_flow" time="1.527" /><testcase classname="backend.tests.test_iter12_features.TestAnalytics" name="test_track_valid_events" time="0.284" /><testcase classname="backend.tests.test_iter12_features.TestAnalytics" name="test_track_invalid_event" time="0.124" /><testcase classname="backend.tests.test_iter12_features.TestAnalytics" name="test_free_tier_analytics_402" time="0.429" /><testcase classname="backend.tests.test_iter12_features.TestAnalytics" name="test_pro_tier_analytics_returns_shape" time="0.887" /><testcase classname="backend.tests.test_iter12_features.TestAnalytics" name="test_shop_by_slug_inserts_visit" time="0.127" /><testcase classname="backend.tests.test_iter12_features.TestBulkPack" name="test_free_tier_bulk_pack_402" time="0.404" /><testcase classname="backend.tests.test_iter12_features.TestBulkPack" name="test_pro_no_products_400" time="0.580" /><testcase classname="backend.tests.test_iter12_features.TestBulkPack" name="test_pro_with_products_returns_zip" time="1.021" /><testcase classname="backend.tests.test_iter12_features.TestRegression" name="test_login_still_works" time="0.350" /><testcase classname="backend.tests.test_iter12_features.TestRegression" name="test_products_list" time="0.402" /><testcase classname="backend.tests.test_iter12_features.TestRegression" name="test_og_image_still_cached" time="0.417" /><testcase classname="backend.tests.test_iter12_features.TestRegression" name="test_billing_me_for_free_user" time="0.421" /></testsuite></testsuites>