<?xml version="1.0" encoding="utf-8"?><testsuites name="pytest tests"><testsuite name="pytest" errors="0" failures="0" skipped="0" tests="82" time="79.386" timestamp="2026-04-29T12:59:00.692482+00:00" hostname="agent-env-de723bbe-0c7b-442f-ab0e-49b3beef6275"><testcase classname="backend.tests.backend_test.TestHealth" name="test_root" time="0.168" /><testcase classname="backend.tests.backend_test.TestAuth" name="test_register_returns_user_and_cookie" time="0.297" /><testcase classname="backend.tests.backend_test.TestAuth" name="test_register_duplicate_email" time="0.321" /><testcase classname="backend.tests.backend_test.TestAuth" name="test_login_invalid_password" time="0.339" /><testcase classname="backend.tests.backend_test.TestAuth" name="test_login_success" time="0.366" /><testcase classname="backend.tests.backend_test.TestAuth" name="test_me_no_auth" time="0.109" /><testcase classname="backend.tests.backend_test.TestAuth" name="test_me_with_auth" time="0.379" /><testcase classname="backend.tests.backend_test.TestAuth" name="test_logout_clears_cookie" time="0.446" /><testcase classname="backend.tests.backend_test.TestAuth" name="test_admin_login" time="0.330" /><testcase classname="backend.tests.backend_test.TestShops" name="test_get_my_shop_initially_null" time="0.386" /><testcase classname="backend.tests.backend_test.TestShops" name="test_create_shop" time="0.080" /><testcase classname="backend.tests.backend_test.TestShops" name="test_create_shop_idempotent_update" time="0.049" /><testcase classname="backend.tests.backend_test.TestShops" name="test_get_my_shop" time="0.050" /><testcase classname="backend.tests.backend_test.TestShops" name="test_public_storefront_by_slug" time="0.142" /><testcase classname="backend.tests.backend_test.TestShops" name="test_public_storefront_404" time="0.100" /><testcase classname="backend.tests.backend_test.TestShops" name="test_seeded_warung_sari_exists" time="0.210" /><testcase classname="backend.tests.backend_test.TestProducts" name="test_create_product" time="0.070" /><testcase classname="backend.tests.backend_test.TestProducts" name="test_list_products" time="0.066" /><testcase classname="backend.tests.backend_test.TestProducts" name="test_update_product" time="0.058" /><testcase classname="backend.tests.backend_test.TestProducts" name="test_other_user_cannot_modify" time="0.408" /><testcase classname="backend.tests.backend_test.TestProducts" name="test_delete_product" time="0.100" /><testcase classname="backend.tests.backend_test.TestAI" name="test_generate_content_requires_auth" time="0.116" /><testcase classname="backend.tests.backend_test.TestAI" name="test_generate_content" time="5.187" /><testcase classname="backend.tests.backend_test.TestAI" name="test_suggest_theme" time="0.699" /><testcase classname="backend.tests.backend_test.TestAI" name="test_enhance_image" time="34.196" /><testcase classname="backend.tests.backend_test.TestForgotPassword" name="test_forgot_unknown_email_no_token" time="0.059" /><testcase classname="backend.tests.backend_test.TestForgotPassword" name="test_forgot_known_returns_token" time="0.065" /><testcase classname="backend.tests.backend_test.TestForgotPassword" name="test_reset_with_short_password" time="0.046" /><testcase classname="backend.tests.backend_test.TestForgotPassword" name="test_reset_with_invalid_token" time="0.047" /><testcase classname="backend.tests.backend_test.TestForgotPassword" name="test_reset_success_and_login" time="0.954" /><testcase classname="backend.tests.backend_test.TestForgotPassword" name="test_reset_token_reuse_fails" time="0.047" /><testcase classname="backend.tests.backend_test.TestMultiImage" name="test_create_with_images_array" time="0.056" /><testcase classname="backend.tests.backend_test.TestMultiImage" name="test_backward_compat_image_data_only" time="0.052" /><testcase classname="backend.tests.backend_test.TestMultiImage" name="test_update_images_array" time="0.060" /><testcase classname="backend.tests.backend_test.TestWhatsApp" name="test_status_requires_auth" time="0.107" /><testcase classname="backend.tests.backend_test.TestWhatsApp" name="test_status_initial" time="0.105" /><testcase classname="backend.tests.backend_test.TestWhatsApp" name="test_connect_start_returns_code" time="0.067" /><testcase classname="backend.tests.backend_test.TestWhatsApp" name="test_webhook_pair_flow" time="0.205" /><testcase classname="backend.tests.backend_test.TestWhatsApp" name="test_webhook_help" time="0.107" /><testcase classname="backend.tests.backend_test.TestWhatsApp" name="test_webhook_list" time="0.145" /><testcase classname="backend.tests.backend_test.TestWhatsApp" name="test_webhook_unlinked_phone" time="0.111" /><testcase classname="backend.tests.backend_test.TestWhatsApp" name="test_webhook_text_no_media_when_linked_asks_photo" time="0.114" /><testcase classname="backend.tests.backend_test.TestWhatsApp" name="test_webhook_text_no_price_no_media" time="0.102" /><testcase classname="backend.tests.backend_test.TestWhatsApp" name="test_disconnect" time="0.101" /><testcase classname="backend.tests.backend_test.TestParser" name="test_parser_variants" time="4.516" /><testcase classname="backend.tests.test_admin.TestAuthRoleAndTier" name="test_me_admin_has_role_admin" time="0.409" /><testcase classname="backend.tests.test_admin.TestAuthRoleAndTier" name="test_me_user_has_role_field" time="0.379" /><testcase classname="backend.tests.test_admin.TestAuthRoleAndTier" name="test_non_admin_blocked_from_admin_stats" time="0.052" /><testcase classname="backend.tests.test_admin.TestAuthRoleAndTier" name="test_unauth_blocked_from_admin_stats" time="0.113" /><testcase classname="backend.tests.test_admin.TestAdminStats" name="test_admin_stats_shape" time="0.079" /><testcase classname="backend.tests.test_admin.TestAdminLists" name="test_admin_shops_with_owner_join" time="0.059" /><testcase classname="backend.tests.test_admin.TestAdminLists" name="test_admin_shops_search" time="0.052" /><testcase classname="backend.tests.test_admin.TestAdminLists" name="test_admin_users_no_password_hash" time="0.048" /><testcase classname="backend.tests.test_admin.TestShopStatus" name="test_suspend_then_public_404" time="0.241" /><testcase classname="backend.tests.test_admin.TestShopStatus" name="test_activate_back" time="0.170" /><testcase classname="backend.tests.test_admin.TestShopStatus" name="test_invalid_status" time="0.050" /><testcase classname="backend.tests.test_admin.TestFeaturedShop" name="test_mark_featured_and_public_lists" time="0.163" /><testcase classname="backend.tests.test_admin.TestFeaturedShop" name="test_unmark_featured_removed_from_public" time="0.158" /><testcase classname="backend.tests.test_admin.TestAdminProducts" name="test_admin_list_products_no_image" time="0.048" /><testcase classname="backend.tests.test_admin.TestAdminProducts" name="test_admin_delete_other_user_product" time="0.204" /><testcase classname="backend.tests.test_admin.TestAdminProducts" name="test_admin_delete_missing_404" time="0.050" /><testcase classname="backend.tests.test_admin.TestAdminResetPassword" name="test_generate_reset_token_and_use_it" time="0.428" /><testcase classname="backend.tests.test_admin.TestAdminResetPassword" name="test_reset_password_unknown_user" time="0.058" /><testcase classname="backend.tests.test_admin.TestAdminTier" name="test_set_user_premium_then_free" time="0.206" /><testcase classname="backend.tests.test_admin.TestAdminTier" name="test_set_invalid_tier" time="0.097" /><testcase classname="backend.tests.test_admin.TestAdminAudit" name="test_audit_sorted_desc" time="0.047" /><testcase classname="backend.tests.test_admin.TestBroadcast" name="test_user_sees_active_broadcast" time="0.154" /><testcase classname="backend.tests.test_admin.TestBroadcast" name="test_user_dismiss_broadcast" time="0.108" /><testcase classname="backend.tests.test_admin.TestBroadcast" name="test_toggle_active" time="0.101" /><testcase classname="backend.tests.test_admin.TestBroadcast" name="test_delete_broadcast" time="0.104" /><testcase classname="backend.tests.test_admin.TestAdminAIUsage" name="test_ai_usage_shape" time="0.071" /><testcase classname="backend.tests.test_admin.TestAdminAIUsage" name="test_ai_usage_days_clamped" time="0.155" /><testcase classname="backend.tests.test_storefront_pro.TestShopProFields" name="test_create_shop_persists_all_new_fields" time="0.379" /><testcase classname="backend.tests.test_storefront_pro.TestShopProFields" name="test_get_my_shop_returns_new_fields" time="0.049" /><testcase classname="backend.tests.test_storefront_pro.TestShopProFields" name="test_update_shop_modifies_pro_fields" time="0.144" /><testcase classname="backend.tests.test_storefront_pro.TestShopProFields" name="test_public_storefront_returns_pro_fields" time="0.142" /><testcase classname="backend.tests.test_storefront_pro.TestAIGenerateAbout" name="test_requires_auth" time="0.108" /><testcase classname="backend.tests.test_storefront_pro.TestAIGenerateAbout" name="test_generates_indonesian_about" time="4.233" /><testcase classname="backend.tests.test_storefront_pro.TestAIGenerateAbout" name="test_validates_required_fields" time="0.048" /><testcase classname="backend.tests.test_storefront_pro.TestAIGenerateCover" name="test_requires_auth" time="0.123" /><testcase classname="backend.tests.test_storefront_pro.TestAIGenerateCover" name="test_validates_required_fields" time="0.049" /><testcase classname="backend.tests.test_storefront_pro.TestAIGenerateCover" name="test_generates_cover_image" time="18.279" /></testsuite></testsuites>