<?xml version="1.0" encoding="utf-8"?><testsuites name="pytest tests"><testsuite name="pytest" errors="0" failures="1" skipped="0" tests="25" time="29.697" timestamp="2026-04-29T03:06:35.949642+00:00" hostname="agent-env-de723bbe-0c7b-442f-ab0e-49b3beef6275"><testcase classname="backend.tests.backend_test.TestHealth" name="test_root" time="0.128" /><testcase classname="backend.tests.backend_test.TestAuth" name="test_register_returns_user_and_cookie" time="0.280"><failure message="AssertionError: assert 'test_reg_0af2ed@example.com' == 'TEST_reg_0af2ed@example.com'&#10;  &#10;  - TEST_reg_0af2ed@example.com&#10;  ? ^^^^&#10;  + test_reg_0af2ed@example.com&#10;  ? ^^^^">backend/tests/backend_test.py:64: in test_register_returns_user_and_cookie
    assert d["email"] == email
E   AssertionError: assert 'test_reg_0af2ed@example.com' == 'TEST_reg_0af2ed@example.com'
E     
E     - TEST_reg_0af2ed@example.com
E     ? ^^^^
E     + test_reg_0af2ed@example.com
E     ? ^^^^</failure></testcase><testcase classname="backend.tests.backend_test.TestAuth" name="test_register_duplicate_email" time="0.317" /><testcase classname="backend.tests.backend_test.TestAuth" name="test_login_invalid_password" time="0.341" /><testcase classname="backend.tests.backend_test.TestAuth" name="test_login_success" time="0.345" /><testcase classname="backend.tests.backend_test.TestAuth" name="test_me_no_auth" time="0.123" /><testcase classname="backend.tests.backend_test.TestAuth" name="test_me_with_auth" time="0.372" /><testcase classname="backend.tests.backend_test.TestAuth" name="test_logout_clears_cookie" time="0.431" /><testcase classname="backend.tests.backend_test.TestAuth" name="test_admin_login" time="0.336" /><testcase classname="backend.tests.backend_test.TestShops" name="test_get_my_shop_initially_null" time="0.384" /><testcase classname="backend.tests.backend_test.TestShops" name="test_create_shop" time="0.050" /><testcase classname="backend.tests.backend_test.TestShops" name="test_create_shop_idempotent_update" time="0.050" /><testcase classname="backend.tests.backend_test.TestShops" name="test_get_my_shop" time="0.047" /><testcase classname="backend.tests.backend_test.TestShops" name="test_public_storefront_by_slug" time="0.115" /><testcase classname="backend.tests.backend_test.TestShops" name="test_public_storefront_404" time="0.117" /><testcase classname="backend.tests.backend_test.TestShops" name="test_seeded_warung_sari_exists" time="0.133" /><testcase classname="backend.tests.backend_test.TestProducts" name="test_create_product" time="0.048" /><testcase classname="backend.tests.backend_test.TestProducts" name="test_list_products" time="0.048" /><testcase classname="backend.tests.backend_test.TestProducts" name="test_update_product" time="0.049" /><testcase classname="backend.tests.backend_test.TestProducts" name="test_other_user_cannot_modify" time="0.392" /><testcase classname="backend.tests.backend_test.TestProducts" name="test_delete_product" time="0.095" /><testcase classname="backend.tests.backend_test.TestAI" name="test_generate_content_requires_auth" time="0.109" /><testcase classname="backend.tests.backend_test.TestAI" name="test_generate_content" time="6.637" /><testcase classname="backend.tests.backend_test.TestAI" name="test_suggest_theme" time="5.948" /><testcase classname="backend.tests.backend_test.TestAI" name="test_enhance_image" time="12.672" /></testsuite></testsuites>