<?xml version="1.0" encoding="utf-8"?><testsuites name="pytest tests"><testsuite name="pytest" errors="0" failures="0" skipped="0" tests="45" time="31.205" timestamp="2026-04-29T04:30:51.366549+00:00" hostname="agent-env-de723bbe-0c7b-442f-ab0e-49b3beef6275"><testcase classname="backend.tests.backend_test.TestHealth" name="test_root" time="0.219" /><testcase classname="backend.tests.backend_test.TestAuth" name="test_register_returns_user_and_cookie" time="0.284" /><testcase classname="backend.tests.backend_test.TestAuth" name="test_register_duplicate_email" time="0.331" /><testcase classname="backend.tests.backend_test.TestAuth" name="test_login_invalid_password" time="0.358" /><testcase classname="backend.tests.backend_test.TestAuth" name="test_login_success" time="0.330" /><testcase classname="backend.tests.backend_test.TestAuth" name="test_me_no_auth" time="0.112" /><testcase classname="backend.tests.backend_test.TestAuth" name="test_me_with_auth" time="0.374" /><testcase classname="backend.tests.backend_test.TestAuth" name="test_logout_clears_cookie" time="0.450" /><testcase classname="backend.tests.backend_test.TestAuth" name="test_admin_login" time="0.328" /><testcase classname="backend.tests.backend_test.TestShops" name="test_get_my_shop_initially_null" time="0.383" /><testcase classname="backend.tests.backend_test.TestShops" name="test_create_shop" time="0.054" /><testcase classname="backend.tests.backend_test.TestShops" name="test_create_shop_idempotent_update" time="0.052" /><testcase classname="backend.tests.backend_test.TestShops" name="test_get_my_shop" time="0.059" /><testcase classname="backend.tests.backend_test.TestShops" name="test_public_storefront_by_slug" time="0.118" /><testcase classname="backend.tests.backend_test.TestShops" name="test_public_storefront_404" time="0.121" /><testcase classname="backend.tests.backend_test.TestShops" name="test_seeded_warung_sari_exists" time="0.104" /><testcase classname="backend.tests.backend_test.TestProducts" name="test_create_product" time="0.059" /><testcase classname="backend.tests.backend_test.TestProducts" name="test_list_products" time="0.050" /><testcase classname="backend.tests.backend_test.TestProducts" name="test_update_product" time="0.052" /><testcase classname="backend.tests.backend_test.TestProducts" name="test_other_user_cannot_modify" time="0.417" /><testcase classname="backend.tests.backend_test.TestProducts" name="test_delete_product" time="0.105" /><testcase classname="backend.tests.backend_test.TestAI" name="test_generate_content_requires_auth" time="0.136" /><testcase classname="backend.tests.backend_test.TestAI" name="test_generate_content" time="4.115" /><testcase classname="backend.tests.backend_test.TestAI" name="test_suggest_theme" time="4.992" /><testcase classname="backend.tests.backend_test.TestAI" name="test_enhance_image" time="12.378" /><testcase classname="backend.tests.backend_test.TestForgotPassword" name="test_forgot_unknown_email_no_token" time="0.054" /><testcase classname="backend.tests.backend_test.TestForgotPassword" name="test_forgot_known_returns_token" time="0.061" /><testcase classname="backend.tests.backend_test.TestForgotPassword" name="test_reset_with_short_password" time="0.050" /><testcase classname="backend.tests.backend_test.TestForgotPassword" name="test_reset_with_invalid_token" time="0.065" /><testcase classname="backend.tests.backend_test.TestForgotPassword" name="test_reset_success_and_login" time="0.984" /><testcase classname="backend.tests.backend_test.TestForgotPassword" name="test_reset_token_reuse_fails" time="0.055" /><testcase classname="backend.tests.backend_test.TestMultiImage" name="test_create_with_images_array" time="0.053" /><testcase classname="backend.tests.backend_test.TestMultiImage" name="test_backward_compat_image_data_only" time="0.049" /><testcase classname="backend.tests.backend_test.TestMultiImage" name="test_update_images_array" time="0.058" /><testcase classname="backend.tests.backend_test.TestWhatsApp" name="test_status_requires_auth" time="0.128" /><testcase classname="backend.tests.backend_test.TestWhatsApp" name="test_status_initial" time="0.105" /><testcase classname="backend.tests.backend_test.TestWhatsApp" name="test_connect_start_returns_code" time="0.053" /><testcase classname="backend.tests.backend_test.TestWhatsApp" name="test_webhook_pair_flow" time="0.193" /><testcase classname="backend.tests.backend_test.TestWhatsApp" name="test_webhook_help" time="0.117" /><testcase classname="backend.tests.backend_test.TestWhatsApp" name="test_webhook_list" time="0.126" /><testcase classname="backend.tests.backend_test.TestWhatsApp" name="test_webhook_unlinked_phone" time="0.162" /><testcase classname="backend.tests.backend_test.TestWhatsApp" name="test_webhook_text_no_media_when_linked_asks_photo" time="0.233" /><testcase classname="backend.tests.backend_test.TestWhatsApp" name="test_webhook_text_no_price_no_media" time="0.114" /><testcase classname="backend.tests.backend_test.TestWhatsApp" name="test_disconnect" time="0.105" /><testcase classname="backend.tests.backend_test.TestParser" name="test_parser_variants" time="2.185" /></testsuite></testsuites>